<?xml version="1.0" encoding="UTF-8"?>
<testsuite xmlns:xsi="http://www.w3.org/2001/XMLSchema-instance" xsi:noNamespaceSchemaLocation="https://maven.apache.org/surefire/maven-surefire-plugin/xsd/surefire-test-report-3.0.xsd" version="3.0" name="tienda.demo.TiendaHectorHernandezVargasApplicationTests" time="2.226" tests="1" errors="0" skipped="0" failures="0">
  <properties>
[...]
</properties>
  <testcase name="contextLoads" classname="tienda.demo.TiendaHectorHernandezVargasApplicationTests" time="1.049">
    <system-out><![CDATA[21:42:01.997 [main] INFO org.springframework.test.context.support.AnnotationConfigContextLoaderUtils -- Could not detect default configuration classes for test class [tienda.demo.TiendaHectorHernandezVargasApplicationTests]: TiendaHectorHernandezVargasApplicationTests does not declare any static, non-private, non-final, nested classes annotated with @Configuration.
21:42:02.096 [main] INFO org.springframework.boot.test.context.SpringBootTestContextBootstrapper -- Found @SpringBootConfiguration tienda.demo.TiendaHectorHernandezVargasApplicationTests for test class tienda.demo.TiendaHectorHernandezVargasApplicationTests
21:42:02.339 [main] INFO org.springframework.boot.devtools.restart.RestartApplicationListener -- Restart disabled due to context in which it is running
09:42  INFO 23076 --- [           main] ndaHectorHernandezVargasApplicationTests : Starting TiendaHectorHernandezVargasApplicationTests using Java 17.0.10 with PID 23076 (started by hhern in C:\Users\hhern\OneDrive\Documentos\GitHub\EjercicioPractico1_HectorHernandez\CasoEstudioSemana7)
09:42  INFO 23076 --- [           main] ndaHectorHernandezVargasApplicationTests : No active profile set, falling back to 1 default profile: "default"
09:42  INFO 23076 --- [           main] ndaHectorHernandezVargasApplicationTests : Started TiendaHectorHernandezVargasApplicationTests in 0.627 seconds (process running for 1.832)
]]></system-out>
  </testcase>
</testsuite>